  main.cpp
F:\BaiduSyncdisk\工程项目\XMG AI\XMG AI 行课装置\vs 项目解决方案\下课铃\下课铃\main.h(416,36): warning C4244: “-=”: 从“double”转换到“int”，可能丢失数据
F:\BaiduSyncdisk\工程项目\XMG AI\XMG AI 行课装置\vs 项目解决方案\下课铃\下课铃\main.h(417,34): warning C4244: “-=”: 从“double”转换到“int”，可能丢失数据
F:\BaiduSyncdisk\工程项目\XMG AI\XMG AI 行课装置\vs 项目解决方案\下课铃\下课铃\main.h(418,37): warning C4244: “-=”: 从“double”转换到“int”，可能丢失数据
F:\BaiduSyncdisk\工程项目\XMG AI\XMG AI 行课装置\vs 项目解决方案\下课铃\下课铃\main.h(650,17): warning C4244: “初始化”: 从“float”转换到“int”，可能丢失数据
F:\BaiduSyncdisk\工程项目\XMG AI\XMG AI 行课装置\vs 项目解决方案\下课铃\下课铃\main.h(1491,26): warning C4244: “=”: 从“double”转换到“int”，可能丢失数据
F:\BaiduSyncdisk\工程项目\XMG AI\XMG AI 行课装置\vs 项目解决方案\下课铃\下课铃\main.h(1492,30): warning C4244: “=”: 从“double”转换到“int”，可能丢失数据
F:\BaiduSyncdisk\工程项目\XMG AI\XMG AI 行课装置\vs 项目解决方案\下课铃\下课铃\main.h(1501,39): warning C4244: “=”: 从“double”转换到“LONG”，可能丢失数据
F:\BaiduSyncdisk\工程项目\XMG AI\XMG AI 行课装置\vs 项目解决方案\下课铃\下课铃\main.h(1503,64): warning C4244: “=”: 从“double”转换到“LONG”，可能丢失数据
F:\BaiduSyncdisk\工程项目\XMG AI\XMG AI 行课装置\vs 项目解决方案\下课铃\下课铃\main.h(1508,134): warning C4244: “参数”: 从“double”转换到“int”，可能丢失数据
F:\BaiduSyncdisk\工程项目\XMG AI\XMG AI 行课装置\vs 项目解决方案\下课铃\下课铃\main.h(1508,103): warning C4244: “参数”: 从“double”转换到“int”，可能丢失数据
F:\BaiduSyncdisk\工程项目\XMG AI\XMG AI 行课装置\vs 项目解决方案\下课铃\下课铃\main.h(1509,121): warning C4244: “参数”: 从“double”转换到“int”，可能丢失数据
F:\BaiduSyncdisk\工程项目\XMG AI\XMG AI 行课装置\vs 项目解决方案\下课铃\下课铃\main.h(1509,90): warning C4244: “参数”: 从“double”转换到“int”，可能丢失数据
F:\BaiduSyncdisk\工程项目\XMG AI\XMG AI 行课装置\vs 项目解决方案\下课铃\下课铃\main.cpp(77,195): warning C4244: “参数”: 从“double”转换到“int”，可能丢失数据
F:\BaiduSyncdisk\工程项目\XMG AI\XMG AI 行课装置\vs 项目解决方案\下课铃\下课铃\main.cpp(77,151): warning C4244: “参数”: 从“double”转换到“int”，可能丢失数据
F:\BaiduSyncdisk\工程项目\XMG AI\XMG AI 行课装置\vs 项目解决方案\下课铃\下课铃\main.cpp(80,248): warning C4244: “参数”: 从“double”转换到“int”，可能丢失数据
F:\BaiduSyncdisk\工程项目\XMG AI\XMG AI 行课装置\vs 项目解决方案\下课铃\下课铃\main.cpp(80,203): warning C4244: “参数”: 从“double”转换到“int”，可能丢失数据
F:\BaiduSyncdisk\工程项目\XMG AI\XMG AI 行课装置\vs 项目解决方案\下课铃\下课铃\main.cpp(86,117): warning C4244: “参数”: 从“double”转换到“int”，可能丢失数据
F:\BaiduSyncdisk\工程项目\XMG AI\XMG AI 行课装置\vs 项目解决方案\下课铃\下课铃\main.cpp(86,106): warning C4244: “参数”: 从“double”转换到“int”，可能丢失数据
F:\BaiduSyncdisk\工程项目\XMG AI\XMG AI 行课装置\vs 项目解决方案\下课铃\下课铃\main.cpp(87,127): warning C4244: “参数”: 从“double”转换到“int”，可能丢失数据
F:\BaiduSyncdisk\工程项目\XMG AI\XMG AI 行课装置\vs 项目解决方案\下课铃\下课铃\main.cpp(87,116): warning C4244: “参数”: 从“double”转换到“int”，可能丢失数据
F:\BaiduSyncdisk\工程项目\XMG AI\XMG AI 行课装置\vs 项目解决方案\下课铃\下课铃\main.cpp(125,61): warning C4244: “=”: 从“double”转换到“int”，可能丢失数据
F:\BaiduSyncdisk\工程项目\XMG AI\XMG AI 行课装置\vs 项目解决方案\下课铃\下课铃\main.cpp(126,75): warning C4244: “=”: 从“double”转换到“int”，可能丢失数据
F:\BaiduSyncdisk\工程项目\XMG AI\XMG AI 行课装置\vs 项目解决方案\下课铃\下课铃\main.cpp(126,188): warning C4244: “=”: 从“double”转换到“int”，可能丢失数据
F:\BaiduSyncdisk\工程项目\XMG AI\XMG AI 行课装置\vs 项目解决方案\下课铃\下课铃\main.cpp(128,18): warning C4244: “参数”: 从“double”转换到“int”，可能丢失数据
F:\BaiduSyncdisk\工程项目\XMG AI\XMG AI 行课装置\vs 项目解决方案\下课铃\下课铃\main.cpp(129,181): warning C4244: “参数”: 从“double”转换到“int”，可能丢失数据
F:\BaiduSyncdisk\工程项目\XMG AI\XMG AI 行课装置\vs 项目解决方案\下课铃\下课铃\main.cpp(129,87): warning C4244: “参数”: 从“double”转换到“int”，可能丢失数据
F:\BaiduSyncdisk\工程项目\XMG AI\XMG AI 行课装置\vs 项目解决方案\下课铃\下课铃\main.cpp(145,181): warning C4244: “参数”: 从“double”转换到“int”，可能丢失数据
F:\BaiduSyncdisk\工程项目\XMG AI\XMG AI 行课装置\vs 项目解决方案\下课铃\下课铃\main.cpp(145,87): warning C4244: “参数”: 从“double”转换到“int”，可能丢失数据
F:\BaiduSyncdisk\工程项目\XMG AI\XMG AI 行课装置\vs 项目解决方案\下课铃\下课铃\main.cpp(146,196): warning C4244: “参数”: 从“double”转换到“int”，可能丢失数据
F:\BaiduSyncdisk\工程项目\XMG AI\XMG AI 行课装置\vs 项目解决方案\下课铃\下课铃\main.cpp(455,40): warning C4244: “参数”: 从“double”转换到“int”，可能丢失数据
F:\BaiduSyncdisk\工程项目\XMG AI\XMG AI 行课装置\vs 项目解决方案\下课铃\下课铃\main.cpp(559,68): warning C4244: “参数”: 从“double”转换到“int”，可能丢失数据
F:\BaiduSyncdisk\工程项目\XMG AI\XMG AI 行课装置\vs 项目解决方案\下课铃\下课铃\main.cpp(571,70): warning C4244: “参数”: 从“double”转换到“int”，可能丢失数据
F:\BaiduSyncdisk\工程项目\XMG AI\XMG AI 行课装置\vs 项目解决方案\下课铃\下课铃\main.cpp(574,186): warning C4244: “参数”: 从“double”转换到“int”，可能丢失数据
F:\BaiduSyncdisk\工程项目\XMG AI\XMG AI 行课装置\vs 项目解决方案\下课铃\下课铃\main.cpp(574,131): warning C4244: “参数”: 从“double”转换到“int”，可能丢失数据
F:\BaiduSyncdisk\工程项目\XMG AI\XMG AI 行课装置\vs 项目解决方案\下课铃\下课铃\main.cpp(574,38): warning C4244: “参数”: 从“double”转换到“int”，可能丢失数据
F:\BaiduSyncdisk\工程项目\XMG AI\XMG AI 行课装置\vs 项目解决方案\下课铃\下课铃\main.cpp(604,287): warning C4244: “参数”: 从“double”转换到“int”，可能丢失数据
F:\BaiduSyncdisk\工程项目\XMG AI\XMG AI 行课装置\vs 项目解决方案\下课铃\下课铃\main.cpp(604,249): warning C4244: “参数”: 从“double”转换到“int”，可能丢失数据
F:\BaiduSyncdisk\工程项目\XMG AI\XMG AI 行课装置\vs 项目解决方案\下课铃\下课铃\main.cpp(604,211): warning C4244: “参数”: 从“double”转换到“int”，可能丢失数据
F:\BaiduSyncdisk\工程项目\XMG AI\XMG AI 行课装置\vs 项目解决方案\下课铃\下课铃\main.cpp(604,138): warning C4244: “参数”: 从“double”转换到“int”，可能丢失数据
F:\BaiduSyncdisk\工程项目\XMG AI\XMG AI 行课装置\vs 项目解决方案\下课铃\下课铃\main.cpp(604,115): warning C4244: “参数”: 从“double”转换到“int”，可能丢失数据
F:\BaiduSyncdisk\工程项目\XMG AI\XMG AI 行课装置\vs 项目解决方案\下课铃\下课铃\main.cpp(604,43): warning C4244: “参数”: 从“double”转换到“int”，可能丢失数据
F:\BaiduSyncdisk\工程项目\XMG AI\XMG AI 行课装置\vs 项目解决方案\下课铃\下课铃\main.cpp(605,288): warning C4244: “参数”: 从“double”转换到“int”，可能丢失数据
F:\BaiduSyncdisk\工程项目\XMG AI\XMG AI 行课装置\vs 项目解决方案\下课铃\下课铃\main.cpp(605,250): warning C4244: “参数”: 从“double”转换到“int”，可能丢失数据
F:\BaiduSyncdisk\工程项目\XMG AI\XMG AI 行课装置\vs 项目解决方案\下课铃\下课铃\main.cpp(605,212): warning C4244: “参数”: 从“double”转换到“int”，可能丢失数据
F:\BaiduSyncdisk\工程项目\XMG AI\XMG AI 行课装置\vs 项目解决方案\下课铃\下课铃\main.cpp(605,139): warning C4244: “参数”: 从“double”转换到“int”，可能丢失数据
F:\BaiduSyncdisk\工程项目\XMG AI\XMG AI 行课装置\vs 项目解决方案\下课铃\下课铃\main.cpp(605,116): warning C4244: “参数”: 从“double”转换到“int”，可能丢失数据
F:\BaiduSyncdisk\工程项目\XMG AI\XMG AI 行课装置\vs 项目解决方案\下课铃\下课铃\main.cpp(605,43): warning C4244: “参数”: 从“double”转换到“int”，可能丢失数据
F:\BaiduSyncdisk\工程项目\XMG AI\XMG AI 行课装置\vs 项目解决方案\下课铃\下课铃\main.cpp(607,272): warning C4244: “参数”: 从“double”转换到“int”，可能丢失数据
F:\BaiduSyncdisk\工程项目\XMG AI\XMG AI 行课装置\vs 项目解决方案\下课铃\下课铃\main.cpp(607,165): warning C4244: “参数”: 从“double”转换到“int”，可能丢失数据
F:\BaiduSyncdisk\工程项目\XMG AI\XMG AI 行课装置\vs 项目解决方案\下课铃\下课铃\main.cpp(607,142): warning C4244: “参数”: 从“double”转换到“int”，可能丢失数据
F:\BaiduSyncdisk\工程项目\XMG AI\XMG AI 行课装置\vs 项目解决方案\下课铃\下课铃\main.cpp(607,43): warning C4244: “参数”: 从“double”转换到“int”，可能丢失数据
F:\BaiduSyncdisk\工程项目\XMG AI\XMG AI 行课装置\vs 项目解决方案\下课铃\下课铃\main.cpp(609,134): warning C4244: “参数”: 从“double”转换到“int”，可能丢失数据
F:\BaiduSyncdisk\工程项目\XMG AI\XMG AI 行课装置\vs 项目解决方案\下课铃\下课铃\main.cpp(609,63): warning C4244: “参数”: 从“double”转换到“int”，可能丢失数据
F:\BaiduSyncdisk\工程项目\XMG AI\XMG AI 行课装置\vs 项目解决方案\下课铃\下课铃\main.cpp(612,53): warning C4244: “=”: 从“double”转换到“LONG”，可能丢失数据
F:\BaiduSyncdisk\工程项目\XMG AI\XMG AI 行课装置\vs 项目解决方案\下课铃\下课铃\main.cpp(615,104): warning C4244: “参数”: 从“double”转换到“int”，可能丢失数据
F:\BaiduSyncdisk\工程项目\XMG AI\XMG AI 行课装置\vs 项目解决方案\下课铃\下课铃\main.cpp(615,32): warning C4244: “参数”: 从“double”转换到“int”，可能丢失数据
F:\BaiduSyncdisk\工程项目\XMG AI\XMG AI 行课装置\vs 项目解决方案\下课铃\下课铃\main.cpp(616,105): warning C4244: “参数”: 从“double”转换到“int”，可能丢失数据
F:\BaiduSyncdisk\工程项目\XMG AI\XMG AI 行课装置\vs 项目解决方案\下课铃\下课铃\main.cpp(616,32): warning C4244: “参数”: 从“double”转换到“int”，可能丢失数据
F:\BaiduSyncdisk\工程项目\XMG AI\XMG AI 行课装置\vs 项目解决方案\下课铃\下课铃\main.cpp(621,53): warning C4244: “=”: 从“double”转换到“LONG”，可能丢失数据
F:\BaiduSyncdisk\工程项目\XMG AI\XMG AI 行课装置\vs 项目解决方案\下课铃\下课铃\main.cpp(624,41): warning C4244: “=”: 从“double”转换到“LONG”，可能丢失数据
F:\BaiduSyncdisk\工程项目\XMG AI\XMG AI 行课装置\vs 项目解决方案\下课铃\下课铃\main.cpp(625,55): warning C4244: “=”: 从“double”转换到“LONG”，可能丢失数据
F:\BaiduSyncdisk\工程项目\XMG AI\XMG AI 行课装置\vs 项目解决方案\下课铃\下课铃\main.cpp(626,42): warning C4244: “=”: 从“double”转换到“LONG”，可能丢失数据
F:\BaiduSyncdisk\工程项目\XMG AI\XMG AI 行课装置\vs 项目解决方案\下课铃\下课铃\main.cpp(627,58): warning C4244: “=”: 从“double”转换到“LONG”，可能丢失数据
F:\BaiduSyncdisk\工程项目\XMG AI\XMG AI 行课装置\vs 项目解决方案\下课铃\下课铃\main.cpp(631,53): warning C4244: “=”: 从“double”转换到“LONG”，可能丢失数据
F:\BaiduSyncdisk\工程项目\XMG AI\XMG AI 行课装置\vs 项目解决方案\下课铃\下课铃\main.cpp(634,105): warning C4244: “参数”: 从“double”转换到“int”，可能丢失数据
F:\BaiduSyncdisk\工程项目\XMG AI\XMG AI 行课装置\vs 项目解决方案\下课铃\下课铃\main.cpp(634,32): warning C4244: “参数”: 从“double”转换到“int”，可能丢失数据
F:\BaiduSyncdisk\工程项目\XMG AI\XMG AI 行课装置\vs 项目解决方案\下课铃\下课铃\main.cpp(641,53): warning C4244: “=”: 从“double”转换到“LONG”，可能丢失数据
F:\BaiduSyncdisk\工程项目\XMG AI\XMG AI 行课装置\vs 项目解决方案\下课铃\下课铃\main.cpp(644,41): warning C4244: “=”: 从“double”转换到“LONG”，可能丢失数据
F:\BaiduSyncdisk\工程项目\XMG AI\XMG AI 行课装置\vs 项目解决方案\下课铃\下课铃\main.cpp(645,55): warning C4244: “=”: 从“double”转换到“LONG”，可能丢失数据
F:\BaiduSyncdisk\工程项目\XMG AI\XMG AI 行课装置\vs 项目解决方案\下课铃\下课铃\main.cpp(646,42): warning C4244: “=”: 从“double”转换到“LONG”，可能丢失数据
F:\BaiduSyncdisk\工程项目\XMG AI\XMG AI 行课装置\vs 项目解决方案\下课铃\下课铃\main.cpp(647,58): warning C4244: “=”: 从“double”转换到“LONG”，可能丢失数据
F:\BaiduSyncdisk\工程项目\XMG AI\XMG AI 行课装置\vs 项目解决方案\下课铃\下课铃\main.cpp(668,286): warning C4244: “参数”: 从“double”转换到“int”，可能丢失数据
F:\BaiduSyncdisk\工程项目\XMG AI\XMG AI 行课装置\vs 项目解决方案\下课铃\下课铃\main.cpp(668,248): warning C4244: “参数”: 从“double”转换到“int”，可能丢失数据
F:\BaiduSyncdisk\工程项目\XMG AI\XMG AI 行课装置\vs 项目解决方案\下课铃\下课铃\main.cpp(668,210): warning C4244: “参数”: 从“double”转换到“int”，可能丢失数据
F:\BaiduSyncdisk\工程项目\XMG AI\XMG AI 行课装置\vs 项目解决方案\下课铃\下课铃\main.cpp(668,137): warning C4244: “参数”: 从“double”转换到“int”，可能丢失数据
F:\BaiduSyncdisk\工程项目\XMG AI\XMG AI 行课装置\vs 项目解决方案\下课铃\下课铃\main.cpp(668,115): warning C4244: “参数”: 从“double”转换到“int”，可能丢失数据
F:\BaiduSyncdisk\工程项目\XMG AI\XMG AI 行课装置\vs 项目解决方案\下课铃\下课铃\main.cpp(668,43): warning C4244: “参数”: 从“double”转换到“int”，可能丢失数据
F:\BaiduSyncdisk\工程项目\XMG AI\XMG AI 行课装置\vs 项目解决方案\下课铃\下课铃\main.cpp(669,287): warning C4244: “参数”: 从“double”转换到“int”，可能丢失数据
F:\BaiduSyncdisk\工程项目\XMG AI\XMG AI 行课装置\vs 项目解决方案\下课铃\下课铃\main.cpp(669,249): warning C4244: “参数”: 从“double”转换到“int”，可能丢失数据
F:\BaiduSyncdisk\工程项目\XMG AI\XMG AI 行课装置\vs 项目解决方案\下课铃\下课铃\main.cpp(669,211): warning C4244: “参数”: 从“double”转换到“int”，可能丢失数据
F:\BaiduSyncdisk\工程项目\XMG AI\XMG AI 行课装置\vs 项目解决方案\下课铃\下课铃\main.cpp(669,138): warning C4244: “参数”: 从“double”转换到“int”，可能丢失数据
F:\BaiduSyncdisk\工程项目\XMG AI\XMG AI 行课装置\vs 项目解决方案\下课铃\下课铃\main.cpp(669,115): warning C4244: “参数”: 从“double”转换到“int”，可能丢失数据
F:\BaiduSyncdisk\工程项目\XMG AI\XMG AI 行课装置\vs 项目解决方案\下课铃\下课铃\main.cpp(669,43): warning C4244: “参数”: 从“double”转换到“int”，可能丢失数据
F:\BaiduSyncdisk\工程项目\XMG AI\XMG AI 行课装置\vs 项目解决方案\下课铃\下课铃\main.cpp(670,288): warning C4244: “参数”: 从“double”转换到“int”，可能丢失数据
F:\BaiduSyncdisk\工程项目\XMG AI\XMG AI 行课装置\vs 项目解决方案\下课铃\下课铃\main.cpp(670,250): warning C4244: “参数”: 从“double”转换到“int”，可能丢失数据
F:\BaiduSyncdisk\工程项目\XMG AI\XMG AI 行课装置\vs 项目解决方案\下课铃\下课铃\main.cpp(670,212): warning C4244: “参数”: 从“double”转换到“int”，可能丢失数据
F:\BaiduSyncdisk\工程项目\XMG AI\XMG AI 行课装置\vs 项目解决方案\下课铃\下课铃\main.cpp(670,139): warning C4244: “参数”: 从“double”转换到“int”，可能丢失数据
F:\BaiduSyncdisk\工程项目\XMG AI\XMG AI 行课装置\vs 项目解决方案\下课铃\下课铃\main.cpp(670,116): warning C4244: “参数”: 从“double”转换到“int”，可能丢失数据
F:\BaiduSyncdisk\工程项目\XMG AI\XMG AI 行课装置\vs 项目解决方案\下课铃\下课铃\main.cpp(670,43): warning C4244: “参数”: 从“double”转换到“int”，可能丢失数据
F:\BaiduSyncdisk\工程项目\XMG AI\XMG AI 行课装置\vs 项目解决方案\下课铃\下课铃\main.cpp(673,53): warning C4244: “=”: 从“double”转换到“LONG”，可能丢失数据
F:\BaiduSyncdisk\工程项目\XMG AI\XMG AI 行课装置\vs 项目解决方案\下课铃\下课铃\main.cpp(676,104): warning C4244: “参数”: 从“double”转换到“int”，可能丢失数据
F:\BaiduSyncdisk\工程项目\XMG AI\XMG AI 行课装置\vs 项目解决方案\下课铃\下课铃\main.cpp(676,32): warning C4244: “参数”: 从“double”转换到“int”，可能丢失数据
F:\BaiduSyncdisk\工程项目\XMG AI\XMG AI 行课装置\vs 项目解决方案\下课铃\下课铃\main.cpp(677,105): warning C4244: “参数”: 从“double”转换到“int”，可能丢失数据
F:\BaiduSyncdisk\工程项目\XMG AI\XMG AI 行课装置\vs 项目解决方案\下课铃\下课铃\main.cpp(677,32): warning C4244: “参数”: 从“double”转换到“int”，可能丢失数据
F:\BaiduSyncdisk\工程项目\XMG AI\XMG AI 行课装置\vs 项目解决方案\下课铃\下课铃\main.cpp(680,53): warning C4244: “=”: 从“double”转换到“LONG”，可能丢失数据
F:\BaiduSyncdisk\工程项目\XMG AI\XMG AI 行课装置\vs 项目解决方案\下课铃\下课铃\main.cpp(684,41): warning C4244: “=”: 从“double”转换到“LONG”，可能丢失数据
F:\BaiduSyncdisk\工程项目\XMG AI\XMG AI 行课装置\vs 项目解决方案\下课铃\下课铃\main.cpp(685,55): warning C4244: “=”: 从“double”转换到“LONG”，可能丢失数据
F:\BaiduSyncdisk\工程项目\XMG AI\XMG AI 行课装置\vs 项目解决方案\下课铃\下课铃\main.cpp(686,42): warning C4244: “=”: 从“double”转换到“LONG”，可能丢失数据
F:\BaiduSyncdisk\工程项目\XMG AI\XMG AI 行课装置\vs 项目解决方案\下课铃\下课铃\main.cpp(687,58): warning C4244: “=”: 从“double”转换到“LONG”，可能丢失数据
F:\BaiduSyncdisk\工程项目\XMG AI\XMG AI 行课装置\vs 项目解决方案\下课铃\下课铃\main.cpp(695,53): warning C4244: “=”: 从“double”转换到“LONG”，可能丢失数据
F:\BaiduSyncdisk\工程项目\XMG AI\XMG AI 行课装置\vs 项目解决方案\下课铃\下课铃\main.cpp(699,41): warning C4244: “=”: 从“double”转换到“LONG”，可能丢失数据
F:\BaiduSyncdisk\工程项目\XMG AI\XMG AI 行课装置\vs 项目解决方案\下课铃\下课铃\main.cpp(700,55): warning C4244: “=”: 从“double”转换到“LONG”，可能丢失数据
F:\BaiduSyncdisk\工程项目\XMG AI\XMG AI 行课装置\vs 项目解决方案\下课铃\下课铃\main.cpp(701,42): warning C4244: “=”: 从“double”转换到“LONG”，可能丢失数据
F:\BaiduSyncdisk\工程项目\XMG AI\XMG AI 行课装置\vs 项目解决方案\下课铃\下课铃\main.cpp(702,58): warning C4244: “=”: 从“double”转换到“LONG”，可能丢失数据
F:\BaiduSyncdisk\工程项目\XMG AI\XMG AI 行课装置\vs 项目解决方案\下课铃\下课铃\main.cpp(709,41): warning C4244: “=”: 从“double”转换到“LONG”，可能丢失数据
F:\BaiduSyncdisk\工程项目\XMG AI\XMG AI 行课装置\vs 项目解决方案\下课铃\下课铃\main.cpp(710,55): warning C4244: “=”: 从“double”转换到“LONG”，可能丢失数据
F:\BaiduSyncdisk\工程项目\XMG AI\XMG AI 行课装置\vs 项目解决方案\下课铃\下课铃\main.cpp(711,42): warning C4244: “=”: 从“double”转换到“LONG”，可能丢失数据
F:\BaiduSyncdisk\工程项目\XMG AI\XMG AI 行课装置\vs 项目解决方案\下课铃\下课铃\main.cpp(712,58): warning C4244: “=”: 从“double”转换到“LONG”，可能丢失数据
F:\BaiduSyncdisk\工程项目\XMG AI\XMG AI 行课装置\vs 项目解决方案\下课铃\下课铃\main.cpp(722,286): warning C4244: “参数”: 从“double”转换到“int”，可能丢失数据
F:\BaiduSyncdisk\工程项目\XMG AI\XMG AI 行课装置\vs 项目解决方案\下课铃\下课铃\main.cpp(722,248): warning C4244: “参数”: 从“double”转换到“int”，可能丢失数据
F:\BaiduSyncdisk\工程项目\XMG AI\XMG AI 行课装置\vs 项目解决方案\下课铃\下课铃\main.cpp(722,210): warning C4244: “参数”: 从“double”转换到“int”，可能丢失数据
F:\BaiduSyncdisk\工程项目\XMG AI\XMG AI 行课装置\vs 项目解决方案\下课铃\下课铃\main.cpp(722,137): warning C4244: “参数”: 从“double”转换到“int”，可能丢失数据
F:\BaiduSyncdisk\工程项目\XMG AI\XMG AI 行课装置\vs 项目解决方案\下课铃\下课铃\main.cpp(722,115): warning C4244: “参数”: 从“double”转换到“int”，可能丢失数据
F:\BaiduSyncdisk\工程项目\XMG AI\XMG AI 行课装置\vs 项目解决方案\下课铃\下课铃\main.cpp(722,43): warning C4244: “参数”: 从“double”转换到“int”，可能丢失数据
F:\BaiduSyncdisk\工程项目\XMG AI\XMG AI 行课装置\vs 项目解决方案\下课铃\下课铃\main.cpp(723,287): warning C4244: “参数”: 从“double”转换到“int”，可能丢失数据
F:\BaiduSyncdisk\工程项目\XMG AI\XMG AI 行课装置\vs 项目解决方案\下课铃\下课铃\main.cpp(723,249): warning C4244: “参数”: 从“double”转换到“int”，可能丢失数据
F:\BaiduSyncdisk\工程项目\XMG AI\XMG AI 行课装置\vs 项目解决方案\下课铃\下课铃\main.cpp(723,211): warning C4244: “参数”: 从“double”转换到“int”，可能丢失数据
F:\BaiduSyncdisk\工程项目\XMG AI\XMG AI 行课装置\vs 项目解决方案\下课铃\下课铃\main.cpp(723,138): warning C4244: “参数”: 从“double”转换到“int”，可能丢失数据
F:\BaiduSyncdisk\工程项目\XMG AI\XMG AI 行课装置\vs 项目解决方案\下课铃\下课铃\main.cpp(723,115): warning C4244: “参数”: 从“double”转换到“int”，可能丢失数据
F:\BaiduSyncdisk\工程项目\XMG AI\XMG AI 行课装置\vs 项目解决方案\下课铃\下课铃\main.cpp(723,43): warning C4244: “参数”: 从“double”转换到“int”，可能丢失数据
F:\BaiduSyncdisk\工程项目\XMG AI\XMG AI 行课装置\vs 项目解决方案\下课铃\下课铃\main.cpp(724,288): warning C4244: “参数”: 从“double”转换到“int”，可能丢失数据
F:\BaiduSyncdisk\工程项目\XMG AI\XMG AI 行课装置\vs 项目解决方案\下课铃\下课铃\main.cpp(724,250): warning C4244: “参数”: 从“double”转换到“int”，可能丢失数据
F:\BaiduSyncdisk\工程项目\XMG AI\XMG AI 行课装置\vs 项目解决方案\下课铃\下课铃\main.cpp(724,212): warning C4244: “参数”: 从“double”转换到“int”，可能丢失数据
F:\BaiduSyncdisk\工程项目\XMG AI\XMG AI 行课装置\vs 项目解决方案\下课铃\下课铃\main.cpp(724,139): warning C4244: “参数”: 从“double”转换到“int”，可能丢失数据
F:\BaiduSyncdisk\工程项目\XMG AI\XMG AI 行课装置\vs 项目解决方案\下课铃\下课铃\main.cpp(724,116): warning C4244: “参数”: 从“double”转换到“int”，可能丢失数据
F:\BaiduSyncdisk\工程项目\XMG AI\XMG AI 行课装置\vs 项目解决方案\下课铃\下课铃\main.cpp(724,43): warning C4244: “参数”: 从“double”转换到“int”，可能丢失数据
F:\BaiduSyncdisk\工程项目\XMG AI\XMG AI 行课装置\vs 项目解决方案\下课铃\下课铃\main.cpp(726,314): warning C4244: “参数”: 从“double”转换到“int”，可能丢失数据
F:\BaiduSyncdisk\工程项目\XMG AI\XMG AI 行课装置\vs 项目解决方案\下课铃\下课铃\main.cpp(726,276): warning C4244: “参数”: 从“double”转换到“int”，可能丢失数据
F:\BaiduSyncdisk\工程项目\XMG AI\XMG AI 行课装置\vs 项目解决方案\下课铃\下课铃\main.cpp(726,238): warning C4244: “参数”: 从“double”转换到“int”，可能丢失数据
F:\BaiduSyncdisk\工程项目\XMG AI\XMG AI 行课装置\vs 项目解决方案\下课铃\下课铃\main.cpp(726,138): warning C4244: “参数”: 从“double”转换到“int”，可能丢失数据
F:\BaiduSyncdisk\工程项目\XMG AI\XMG AI 行课装置\vs 项目解决方案\下课铃\下课铃\main.cpp(726,115): warning C4244: “参数”: 从“double”转换到“int”，可能丢失数据
F:\BaiduSyncdisk\工程项目\XMG AI\XMG AI 行课装置\vs 项目解决方案\下课铃\下课铃\main.cpp(726,43): warning C4244: “参数”: 从“double”转换到“int”，可能丢失数据
F:\BaiduSyncdisk\工程项目\XMG AI\XMG AI 行课装置\vs 项目解决方案\下课铃\下课铃\main.cpp(729,53): warning C4244: “=”: 从“double”转换到“LONG”，可能丢失数据
F:\BaiduSyncdisk\工程项目\XMG AI\XMG AI 行课装置\vs 项目解决方案\下课铃\下课铃\main.cpp(732,104): warning C4244: “参数”: 从“double”转换到“int”，可能丢失数据
F:\BaiduSyncdisk\工程项目\XMG AI\XMG AI 行课装置\vs 项目解决方案\下课铃\下课铃\main.cpp(732,32): warning C4244: “参数”: 从“double”转换到“int”，可能丢失数据
F:\BaiduSyncdisk\工程项目\XMG AI\XMG AI 行课装置\vs 项目解决方案\下课铃\下课铃\main.cpp(733,105): warning C4244: “参数”: 从“double”转换到“int”，可能丢失数据
F:\BaiduSyncdisk\工程项目\XMG AI\XMG AI 行课装置\vs 项目解决方案\下课铃\下课铃\main.cpp(733,32): warning C4244: “参数”: 从“double”转换到“int”，可能丢失数据
F:\BaiduSyncdisk\工程项目\XMG AI\XMG AI 行课装置\vs 项目解决方案\下课铃\下课铃\main.cpp(736,53): warning C4244: “=”: 从“double”转换到“LONG”，可能丢失数据
F:\BaiduSyncdisk\工程项目\XMG AI\XMG AI 行课装置\vs 项目解决方案\下课铃\下课铃\main.cpp(740,41): warning C4244: “=”: 从“double”转换到“LONG”，可能丢失数据
F:\BaiduSyncdisk\工程项目\XMG AI\XMG AI 行课装置\vs 项目解决方案\下课铃\下课铃\main.cpp(741,55): warning C4244: “=”: 从“double”转换到“LONG”，可能丢失数据
F:\BaiduSyncdisk\工程项目\XMG AI\XMG AI 行课装置\vs 项目解决方案\下课铃\下课铃\main.cpp(742,42): warning C4244: “=”: 从“double”转换到“LONG”，可能丢失数据
F:\BaiduSyncdisk\工程项目\XMG AI\XMG AI 行课装置\vs 项目解决方案\下课铃\下课铃\main.cpp(743,58): warning C4244: “=”: 从“double”转换到“LONG”，可能丢失数据
F:\BaiduSyncdisk\工程项目\XMG AI\XMG AI 行课装置\vs 项目解决方案\下课铃\下课铃\main.cpp(751,53): warning C4244: “=”: 从“double”转换到“LONG”，可能丢失数据
F:\BaiduSyncdisk\工程项目\XMG AI\XMG AI 行课装置\vs 项目解决方案\下课铃\下课铃\main.cpp(755,41): warning C4244: “=”: 从“double”转换到“LONG”，可能丢失数据
F:\BaiduSyncdisk\工程项目\XMG AI\XMG AI 行课装置\vs 项目解决方案\下课铃\下课铃\main.cpp(756,55): warning C4244: “=”: 从“double”转换到“LONG”，可能丢失数据
F:\BaiduSyncdisk\工程项目\XMG AI\XMG AI 行课装置\vs 项目解决方案\下课铃\下课铃\main.cpp(757,42): warning C4244: “=”: 从“double”转换到“LONG”，可能丢失数据
F:\BaiduSyncdisk\工程项目\XMG AI\XMG AI 行课装置\vs 项目解决方案\下课铃\下课铃\main.cpp(758,58): warning C4244: “=”: 从“double”转换到“LONG”，可能丢失数据
F:\BaiduSyncdisk\工程项目\XMG AI\XMG AI 行课装置\vs 项目解决方案\下课铃\下课铃\main.cpp(772,41): warning C4244: “=”: 从“double”转换到“LONG”，可能丢失数据
F:\BaiduSyncdisk\工程项目\XMG AI\XMG AI 行课装置\vs 项目解决方案\下课铃\下课铃\main.cpp(773,55): warning C4244: “=”: 从“double”转换到“LONG”，可能丢失数据
F:\BaiduSyncdisk\工程项目\XMG AI\XMG AI 行课装置\vs 项目解决方案\下课铃\下课铃\main.cpp(774,42): warning C4244: “=”: 从“double”转换到“LONG”，可能丢失数据
F:\BaiduSyncdisk\工程项目\XMG AI\XMG AI 行课装置\vs 项目解决方案\下课铃\下课铃\main.cpp(775,58): warning C4244: “=”: 从“double”转换到“LONG”，可能丢失数据
F:\BaiduSyncdisk\工程项目\XMG AI\XMG AI 行课装置\vs 项目解决方案\下课铃\下课铃\main.cpp(785,287): warning C4244: “参数”: 从“double”转换到“int”，可能丢失数据
F:\BaiduSyncdisk\工程项目\XMG AI\XMG AI 行课装置\vs 项目解决方案\下课铃\下课铃\main.cpp(785,249): warning C4244: “参数”: 从“double”转换到“int”，可能丢失数据
F:\BaiduSyncdisk\工程项目\XMG AI\XMG AI 行课装置\vs 项目解决方案\下课铃\下课铃\main.cpp(785,211): warning C4244: “参数”: 从“double”转换到“int”，可能丢失数据
F:\BaiduSyncdisk\工程项目\XMG AI\XMG AI 行课装置\vs 项目解决方案\下课铃\下课铃\main.cpp(785,138): warning C4244: “参数”: 从“double”转换到“int”，可能丢失数据
F:\BaiduSyncdisk\工程项目\XMG AI\XMG AI 行课装置\vs 项目解决方案\下课铃\下课铃\main.cpp(785,115): warning C4244: “参数”: 从“double”转换到“int”，可能丢失数据
F:\BaiduSyncdisk\工程项目\XMG AI\XMG AI 行课装置\vs 项目解决方案\下课铃\下课铃\main.cpp(785,43): warning C4244: “参数”: 从“double”转换到“int”，可能丢失数据
F:\BaiduSyncdisk\工程项目\XMG AI\XMG AI 行课装置\vs 项目解决方案\下课铃\下课铃\main.cpp(786,287): warning C4244: “参数”: 从“double”转换到“int”，可能丢失数据
F:\BaiduSyncdisk\工程项目\XMG AI\XMG AI 行课装置\vs 项目解决方案\下课铃\下课铃\main.cpp(786,249): warning C4244: “参数”: 从“double”转换到“int”，可能丢失数据
F:\BaiduSyncdisk\工程项目\XMG AI\XMG AI 行课装置\vs 项目解决方案\下课铃\下课铃\main.cpp(786,211): warning C4244: “参数”: 从“double”转换到“int”，可能丢失数据
F:\BaiduSyncdisk\工程项目\XMG AI\XMG AI 行课装置\vs 项目解决方案\下课铃\下课铃\main.cpp(786,138): warning C4244: “参数”: 从“double”转换到“int”，可能丢失数据
F:\BaiduSyncdisk\工程项目\XMG AI\XMG AI 行课装置\vs 项目解决方案\下课铃\下课铃\main.cpp(786,115): warning C4244: “参数”: 从“double”转换到“int”，可能丢失数据
F:\BaiduSyncdisk\工程项目\XMG AI\XMG AI 行课装置\vs 项目解决方案\下课铃\下课铃\main.cpp(786,43): warning C4244: “参数”: 从“double”转换到“int”，可能丢失数据
F:\BaiduSyncdisk\工程项目\XMG AI\XMG AI 行课装置\vs 项目解决方案\下课铃\下课铃\main.cpp(787,288): warning C4244: “参数”: 从“double”转换到“int”，可能丢失数据
F:\BaiduSyncdisk\工程项目\XMG AI\XMG AI 行课装置\vs 项目解决方案\下课铃\下课铃\main.cpp(787,250): warning C4244: “参数”: 从“double”转换到“int”，可能丢失数据
F:\BaiduSyncdisk\工程项目\XMG AI\XMG AI 行课装置\vs 项目解决方案\下课铃\下课铃\main.cpp(787,212): warning C4244: “参数”: 从“double”转换到“int”，可能丢失数据
F:\BaiduSyncdisk\工程项目\XMG AI\XMG AI 行课装置\vs 项目解决方案\下课铃\下课铃\main.cpp(787,139): warning C4244: “参数”: 从“double”转换到“int”，可能丢失数据
F:\BaiduSyncdisk\工程项目\XMG AI\XMG AI 行课装置\vs 项目解决方案\下课铃\下课铃\main.cpp(787,116): warning C4244: “参数”: 从“double”转换到“int”，可能丢失数据
F:\BaiduSyncdisk\工程项目\XMG AI\XMG AI 行课装置\vs 项目解决方案\下课铃\下课铃\main.cpp(787,43): warning C4244: “参数”: 从“double”转换到“int”，可能丢失数据
F:\BaiduSyncdisk\工程项目\XMG AI\XMG AI 行课装置\vs 项目解决方案\下课铃\下课铃\main.cpp(789,314): warning C4244: “参数”: 从“double”转换到“int”，可能丢失数据
F:\BaiduSyncdisk\工程项目\XMG AI\XMG AI 行课装置\vs 项目解决方案\下课铃\下课铃\main.cpp(789,276): warning C4244: “参数”: 从“double”转换到“int”，可能丢失数据
F:\BaiduSyncdisk\工程项目\XMG AI\XMG AI 行课装置\vs 项目解决方案\下课铃\下课铃\main.cpp(789,238): warning C4244: “参数”: 从“double”转换到“int”，可能丢失数据
F:\BaiduSyncdisk\工程项目\XMG AI\XMG AI 行课装置\vs 项目解决方案\下课铃\下课铃\main.cpp(789,138): warning C4244: “参数”: 从“double”转换到“int”，可能丢失数据
F:\BaiduSyncdisk\工程项目\XMG AI\XMG AI 行课装置\vs 项目解决方案\下课铃\下课铃\main.cpp(789,115): warning C4244: “参数”: 从“double”转换到“int”，可能丢失数据
F:\BaiduSyncdisk\工程项目\XMG AI\XMG AI 行课装置\vs 项目解决方案\下课铃\下课铃\main.cpp(789,43): warning C4244: “参数”: 从“double”转换到“int”，可能丢失数据
F:\BaiduSyncdisk\工程项目\XMG AI\XMG AI 行课装置\vs 项目解决方案\下课铃\下课铃\main.cpp(792,53): warning C4244: “=”: 从“double”转换到“LONG”，可能丢失数据
F:\BaiduSyncdisk\工程项目\XMG AI\XMG AI 行课装置\vs 项目解决方案\下课铃\下课铃\main.cpp(795,104): warning C4244: “参数”: 从“double”转换到“int”，可能丢失数据
F:\BaiduSyncdisk\工程项目\XMG AI\XMG AI 行课装置\vs 项目解决方案\下课铃\下课铃\main.cpp(795,32): warning C4244: “参数”: 从“double”转换到“int”，可能丢失数据
F:\BaiduSyncdisk\工程项目\XMG AI\XMG AI 行课装置\vs 项目解决方案\下课铃\下课铃\main.cpp(798,53): warning C4244: “=”: 从“double”转换到“LONG”，可能丢失数据
F:\BaiduSyncdisk\工程项目\XMG AI\XMG AI 行课装置\vs 项目解决方案\下课铃\下课铃\main.cpp(802,41): warning C4244: “=”: 从“double”转换到“LONG”，可能丢失数据
F:\BaiduSyncdisk\工程项目\XMG AI\XMG AI 行课装置\vs 项目解决方案\下课铃\下课铃\main.cpp(803,55): warning C4244: “=”: 从“double”转换到“LONG”，可能丢失数据
F:\BaiduSyncdisk\工程项目\XMG AI\XMG AI 行课装置\vs 项目解决方案\下课铃\下课铃\main.cpp(804,42): warning C4244: “=”: 从“double”转换到“LONG”，可能丢失数据
F:\BaiduSyncdisk\工程项目\XMG AI\XMG AI 行课装置\vs 项目解决方案\下课铃\下课铃\main.cpp(805,58): warning C4244: “=”: 从“double”转换到“LONG”，可能丢失数据
F:\BaiduSyncdisk\工程项目\XMG AI\XMG AI 行课装置\vs 项目解决方案\下课铃\下课铃\main.cpp(818,53): warning C4244: “=”: 从“double”转换到“LONG”，可能丢失数据
F:\BaiduSyncdisk\工程项目\XMG AI\XMG AI 行课装置\vs 项目解决方案\下课铃\下课铃\main.cpp(822,41): warning C4244: “=”: 从“double”转换到“LONG”，可能丢失数据
F:\BaiduSyncdisk\工程项目\XMG AI\XMG AI 行课装置\vs 项目解决方案\下课铃\下课铃\main.cpp(823,55): warning C4244: “=”: 从“double”转换到“LONG”，可能丢失数据
F:\BaiduSyncdisk\工程项目\XMG AI\XMG AI 行课装置\vs 项目解决方案\下课铃\下课铃\main.cpp(824,42): warning C4244: “=”: 从“double”转换到“LONG”，可能丢失数据
F:\BaiduSyncdisk\工程项目\XMG AI\XMG AI 行课装置\vs 项目解决方案\下课铃\下课铃\main.cpp(825,58): warning C4244: “=”: 从“double”转换到“LONG”，可能丢失数据
F:\BaiduSyncdisk\工程项目\XMG AI\XMG AI 行课装置\vs 项目解决方案\下课铃\下课铃\main.cpp(835,41): warning C4244: “=”: 从“double”转换到“LONG”，可能丢失数据
F:\BaiduSyncdisk\工程项目\XMG AI\XMG AI 行课装置\vs 项目解决方案\下课铃\下课铃\main.cpp(836,55): warning C4244: “=”: 从“double”转换到“LONG”，可能丢失数据
F:\BaiduSyncdisk\工程项目\XMG AI\XMG AI 行课装置\vs 项目解决方案\下课铃\下课铃\main.cpp(837,42): warning C4244: “=”: 从“double”转换到“LONG”，可能丢失数据
F:\BaiduSyncdisk\工程项目\XMG AI\XMG AI 行课装置\vs 项目解决方案\下课铃\下课铃\main.cpp(838,58): warning C4244: “=”: 从“double”转换到“LONG”，可能丢失数据
F:\BaiduSyncdisk\工程项目\XMG AI\XMG AI 行课装置\vs 项目解决方案\下课铃\下课铃\main.cpp(848,287): warning C4244: “参数”: 从“double”转换到“int”，可能丢失数据
F:\BaiduSyncdisk\工程项目\XMG AI\XMG AI 行课装置\vs 项目解决方案\下课铃\下课铃\main.cpp(848,249): warning C4244: “参数”: 从“double”转换到“int”，可能丢失数据
F:\BaiduSyncdisk\工程项目\XMG AI\XMG AI 行课装置\vs 项目解决方案\下课铃\下课铃\main.cpp(848,211): warning C4244: “参数”: 从“double”转换到“int”，可能丢失数据
F:\BaiduSyncdisk\工程项目\XMG AI\XMG AI 行课装置\vs 项目解决方案\下课铃\下课铃\main.cpp(848,138): warning C4244: “参数”: 从“double”转换到“int”，可能丢失数据
F:\BaiduSyncdisk\工程项目\XMG AI\XMG AI 行课装置\vs 项目解决方案\下课铃\下课铃\main.cpp(848,115): warning C4244: “参数”: 从“double”转换到“int”，可能丢失数据
F:\BaiduSyncdisk\工程项目\XMG AI\XMG AI 行课装置\vs 项目解决方案\下课铃\下课铃\main.cpp(848,43): warning C4244: “参数”: 从“double”转换到“int”，可能丢失数据
F:\BaiduSyncdisk\工程项目\XMG AI\XMG AI 行课装置\vs 项目解决方案\下课铃\下课铃\main.cpp(849,287): warning C4244: “参数”: 从“double”转换到“int”，可能丢失数据
F:\BaiduSyncdisk\工程项目\XMG AI\XMG AI 行课装置\vs 项目解决方案\下课铃\下课铃\main.cpp(849,249): warning C4244: “参数”: 从“double”转换到“int”，可能丢失数据
F:\BaiduSyncdisk\工程项目\XMG AI\XMG AI 行课装置\vs 项目解决方案\下课铃\下课铃\main.cpp(849,211): warning C4244: “参数”: 从“double”转换到“int”，可能丢失数据
F:\BaiduSyncdisk\工程项目\XMG AI\XMG AI 行课装置\vs 项目解决方案\下课铃\下课铃\main.cpp(849,138): warning C4244: “参数”: 从“double”转换到“int”，可能丢失数据
F:\BaiduSyncdisk\工程项目\XMG AI\XMG AI 行课装置\vs 项目解决方案\下课铃\下课铃\main.cpp(849,115): warning C4244: “参数”: 从“double”转换到“int”，可能丢失数据
F:\BaiduSyncdisk\工程项目\XMG AI\XMG AI 行课装置\vs 项目解决方案\下课铃\下课铃\main.cpp(849,43): warning C4244: “参数”: 从“double”转换到“int”，可能丢失数据
F:\BaiduSyncdisk\工程项目\XMG AI\XMG AI 行课装置\vs 项目解决方案\下课铃\下课铃\main.cpp(850,288): warning C4244: “参数”: 从“double”转换到“int”，可能丢失数据
F:\BaiduSyncdisk\工程项目\XMG AI\XMG AI 行课装置\vs 项目解决方案\下课铃\下课铃\main.cpp(850,250): warning C4244: “参数”: 从“double”转换到“int”，可能丢失数据
F:\BaiduSyncdisk\工程项目\XMG AI\XMG AI 行课装置\vs 项目解决方案\下课铃\下课铃\main.cpp(850,212): warning C4244: “参数”: 从“double”转换到“int”，可能丢失数据
F:\BaiduSyncdisk\工程项目\XMG AI\XMG AI 行课装置\vs 项目解决方案\下课铃\下课铃\main.cpp(850,139): warning C4244: “参数”: 从“double”转换到“int”，可能丢失数据
F:\BaiduSyncdisk\工程项目\XMG AI\XMG AI 行课装置\vs 项目解决方案\下课铃\下课铃\main.cpp(850,116): warning C4244: “参数”: 从“double”转换到“int”，可能丢失数据
F:\BaiduSyncdisk\工程项目\XMG AI\XMG AI 行课装置\vs 项目解决方案\下课铃\下课铃\main.cpp(850,43): warning C4244: “参数”: 从“double”转换到“int”，可能丢失数据
F:\BaiduSyncdisk\工程项目\XMG AI\XMG AI 行课装置\vs 项目解决方案\下课铃\下课铃\main.cpp(852,314): warning C4244: “参数”: 从“double”转换到“int”，可能丢失数据
F:\BaiduSyncdisk\工程项目\XMG AI\XMG AI 行课装置\vs 项目解决方案\下课铃\下课铃\main.cpp(852,276): warning C4244: “参数”: 从“double”转换到“int”，可能丢失数据
F:\BaiduSyncdisk\工程项目\XMG AI\XMG AI 行课装置\vs 项目解决方案\下课铃\下课铃\main.cpp(852,238): warning C4244: “参数”: 从“double”转换到“int”，可能丢失数据
F:\BaiduSyncdisk\工程项目\XMG AI\XMG AI 行课装置\vs 项目解决方案\下课铃\下课铃\main.cpp(852,138): warning C4244: “参数”: 从“double”转换到“int”，可能丢失数据
F:\BaiduSyncdisk\工程项目\XMG AI\XMG AI 行课装置\vs 项目解决方案\下课铃\下课铃\main.cpp(852,115): warning C4244: “参数”: 从“double”转换到“int”，可能丢失数据
F:\BaiduSyncdisk\工程项目\XMG AI\XMG AI 行课装置\vs 项目解决方案\下课铃\下课铃\main.cpp(852,43): warning C4244: “参数”: 从“double”转换到“int”，可能丢失数据
F:\BaiduSyncdisk\工程项目\XMG AI\XMG AI 行课装置\vs 项目解决方案\下课铃\下课铃\main.cpp(855,53): warning C4244: “=”: 从“double”转换到“LONG”，可能丢失数据
F:\BaiduSyncdisk\工程项目\XMG AI\XMG AI 行课装置\vs 项目解决方案\下课铃\下课铃\main.cpp(858,104): warning C4244: “参数”: 从“double”转换到“int”，可能丢失数据
F:\BaiduSyncdisk\工程项目\XMG AI\XMG AI 行课装置\vs 项目解决方案\下课铃\下课铃\main.cpp(858,32): warning C4244: “参数”: 从“double”转换到“int”，可能丢失数据
F:\BaiduSyncdisk\工程项目\XMG AI\XMG AI 行课装置\vs 项目解决方案\下课铃\下课铃\main.cpp(859,105): warning C4244: “参数”: 从“double”转换到“int”，可能丢失数据
F:\BaiduSyncdisk\工程项目\XMG AI\XMG AI 行课装置\vs 项目解决方案\下课铃\下课铃\main.cpp(859,32): warning C4244: “参数”: 从“double”转换到“int”，可能丢失数据
F:\BaiduSyncdisk\工程项目\XMG AI\XMG AI 行课装置\vs 项目解决方案\下课铃\下课铃\main.cpp(862,53): warning C4244: “=”: 从“double”转换到“LONG”，可能丢失数据
F:\BaiduSyncdisk\工程项目\XMG AI\XMG AI 行课装置\vs 项目解决方案\下课铃\下课铃\main.cpp(866,41): warning C4244: “=”: 从“double”转换到“LONG”，可能丢失数据
F:\BaiduSyncdisk\工程项目\XMG AI\XMG AI 行课装置\vs 项目解决方案\下课铃\下课铃\main.cpp(867,55): warning C4244: “=”: 从“double”转换到“LONG”，可能丢失数据
F:\BaiduSyncdisk\工程项目\XMG AI\XMG AI 行课装置\vs 项目解决方案\下课铃\下课铃\main.cpp(868,42): warning C4244: “=”: 从“double”转换到“LONG”，可能丢失数据
F:\BaiduSyncdisk\工程项目\XMG AI\XMG AI 行课装置\vs 项目解决方案\下课铃\下课铃\main.cpp(869,58): warning C4244: “=”: 从“double”转换到“LONG”，可能丢失数据
F:\BaiduSyncdisk\工程项目\XMG AI\XMG AI 行课装置\vs 项目解决方案\下课铃\下课铃\main.cpp(880,53): warning C4244: “=”: 从“double”转换到“LONG”，可能丢失数据
F:\BaiduSyncdisk\工程项目\XMG AI\XMG AI 行课装置\vs 项目解决方案\下课铃\下课铃\main.cpp(884,41): warning C4244: “=”: 从“double”转换到“LONG”，可能丢失数据
F:\BaiduSyncdisk\工程项目\XMG AI\XMG AI 行课装置\vs 项目解决方案\下课铃\下课铃\main.cpp(885,55): warning C4244: “=”: 从“double”转换到“LONG”，可能丢失数据
F:\BaiduSyncdisk\工程项目\XMG AI\XMG AI 行课装置\vs 项目解决方案\下课铃\下课铃\main.cpp(886,42): warning C4244: “=”: 从“double”转换到“LONG”，可能丢失数据
F:\BaiduSyncdisk\工程项目\XMG AI\XMG AI 行课装置\vs 项目解决方案\下课铃\下课铃\main.cpp(887,58): warning C4244: “=”: 从“double”转换到“LONG”，可能丢失数据
F:\BaiduSyncdisk\工程项目\XMG AI\XMG AI 行课装置\vs 项目解决方案\下课铃\下课铃\main.cpp(911,41): warning C4244: “=”: 从“double”转换到“LONG”，可能丢失数据
F:\BaiduSyncdisk\工程项目\XMG AI\XMG AI 行课装置\vs 项目解决方案\下课铃\下课铃\main.cpp(912,55): warning C4244: “=”: 从“double”转换到“LONG”，可能丢失数据
F:\BaiduSyncdisk\工程项目\XMG AI\XMG AI 行课装置\vs 项目解决方案\下课铃\下课铃\main.cpp(913,42): warning C4244: “=”: 从“double”转换到“LONG”，可能丢失数据
F:\BaiduSyncdisk\工程项目\XMG AI\XMG AI 行课装置\vs 项目解决方案\下课铃\下课铃\main.cpp(914,58): warning C4244: “=”: 从“double”转换到“LONG”，可能丢失数据
F:\BaiduSyncdisk\工程项目\XMG AI\XMG AI 行课装置\vs 项目解决方案\下课铃\下课铃\main.cpp(924,287): warning C4244: “参数”: 从“double”转换到“int”，可能丢失数据
F:\BaiduSyncdisk\工程项目\XMG AI\XMG AI 行课装置\vs 项目解决方案\下课铃\下课铃\main.cpp(924,249): warning C4244: “参数”: 从“double”转换到“int”，可能丢失数据
F:\BaiduSyncdisk\工程项目\XMG AI\XMG AI 行课装置\vs 项目解决方案\下课铃\下课铃\main.cpp(924,211): warning C4244: “参数”: 从“double”转换到“int”，可能丢失数据
F:\BaiduSyncdisk\工程项目\XMG AI\XMG AI 行课装置\vs 项目解决方案\下课铃\下课铃\main.cpp(924,138): warning C4244: “参数”: 从“double”转换到“int”，可能丢失数据
F:\BaiduSyncdisk\工程项目\XMG AI\XMG AI 行课装置\vs 项目解决方案\下课铃\下课铃\main.cpp(924,115): warning C4244: “参数”: 从“double”转换到“int”，可能丢失数据
F:\BaiduSyncdisk\工程项目\XMG AI\XMG AI 行课装置\vs 项目解决方案\下课铃\下课铃\main.cpp(924,43): warning C4244: “参数”: 从“double”转换到“int”，可能丢失数据
F:\BaiduSyncdisk\工程项目\XMG AI\XMG AI 行课装置\vs 项目解决方案\下课铃\下课铃\main.cpp(925,287): warning C4244: “参数”: 从“double”转换到“int”，可能丢失数据
F:\BaiduSyncdisk\工程项目\XMG AI\XMG AI 行课装置\vs 项目解决方案\下课铃\下课铃\main.cpp(925,249): warning C4244: “参数”: 从“double”转换到“int”，可能丢失数据
F:\BaiduSyncdisk\工程项目\XMG AI\XMG AI 行课装置\vs 项目解决方案\下课铃\下课铃\main.cpp(925,211): warning C4244: “参数”: 从“double”转换到“int”，可能丢失数据
F:\BaiduSyncdisk\工程项目\XMG AI\XMG AI 行课装置\vs 项目解决方案\下课铃\下课铃\main.cpp(925,138): warning C4244: “参数”: 从“double”转换到“int”，可能丢失数据
F:\BaiduSyncdisk\工程项目\XMG AI\XMG AI 行课装置\vs 项目解决方案\下课铃\下课铃\main.cpp(925,115): warning C4244: “参数”: 从“double”转换到“int”，可能丢失数据
F:\BaiduSyncdisk\工程项目\XMG AI\XMG AI 行课装置\vs 项目解决方案\下课铃\下课铃\main.cpp(925,43): warning C4244: “参数”: 从“double”转换到“int”，可能丢失数据
F:\BaiduSyncdisk\工程项目\XMG AI\XMG AI 行课装置\vs 项目解决方案\下课铃\下课铃\main.cpp(926,288): warning C4244: “参数”: 从“double”转换到“int”，可能丢失数据
F:\BaiduSyncdisk\工程项目\XMG AI\XMG AI 行课装置\vs 项目解决方案\下课铃\下课铃\main.cpp(926,250): warning C4244: “参数”: 从“double”转换到“int”，可能丢失数据
F:\BaiduSyncdisk\工程项目\XMG AI\XMG AI 行课装置\vs 项目解决方案\下课铃\下课铃\main.cpp(926,212): warning C4244: “参数”: 从“double”转换到“int”，可能丢失数据
F:\BaiduSyncdisk\工程项目\XMG AI\XMG AI 行课装置\vs 项目解决方案\下课铃\下课铃\main.cpp(926,139): warning C4244: “参数”: 从“double”转换到“int”，可能丢失数据
F:\BaiduSyncdisk\工程项目\XMG AI\XMG AI 行课装置\vs 项目解决方案\下课铃\下课铃\main.cpp(926,116): warning C4244: “参数”: 从“double”转换到“int”，可能丢失数据
F:\BaiduSyncdisk\工程项目\XMG AI\XMG AI 行课装置\vs 项目解决方案\下课铃\下课铃\main.cpp(926,43): warning C4244: “参数”: 从“double”转换到“int”，可能丢失数据
F:\BaiduSyncdisk\工程项目\XMG AI\XMG AI 行课装置\vs 项目解决方案\下课铃\下课铃\main.cpp(928,314): warning C4244: “参数”: 从“double”转换到“int”，可能丢失数据
F:\BaiduSyncdisk\工程项目\XMG AI\XMG AI 行课装置\vs 项目解决方案\下课铃\下课铃\main.cpp(928,276): warning C4244: “参数”: 从“double”转换到“int”，可能丢失数据
F:\BaiduSyncdisk\工程项目\XMG AI\XMG AI 行课装置\vs 项目解决方案\下课铃\下课铃\main.cpp(928,238): warning C4244: “参数”: 从“double”转换到“int”，可能丢失数据
F:\BaiduSyncdisk\工程项目\XMG AI\XMG AI 行课装置\vs 项目解决方案\下课铃\下课铃\main.cpp(928,138): warning C4244: “参数”: 从“double”转换到“int”，可能丢失数据
F:\BaiduSyncdisk\工程项目\XMG AI\XMG AI 行课装置\vs 项目解决方案\下课铃\下课铃\main.cpp(928,115): warning C4244: “参数”: 从“double”转换到“int”，可能丢失数据
F:\BaiduSyncdisk\工程项目\XMG AI\XMG AI 行课装置\vs 项目解决方案\下课铃\下课铃\main.cpp(928,43): warning C4244: “参数”: 从“double”转换到“int”，可能丢失数据
F:\BaiduSyncdisk\工程项目\XMG AI\XMG AI 行课装置\vs 项目解决方案\下课铃\下课铃\main.cpp(931,53): warning C4244: “=”: 从“double”转换到“LONG”，可能丢失数据
F:\BaiduSyncdisk\工程项目\XMG AI\XMG AI 行课装置\vs 项目解决方案\下课铃\下课铃\main.cpp(934,104): warning C4244: “参数”: 从“double”转换到“int”，可能丢失数据
F:\BaiduSyncdisk\工程项目\XMG AI\XMG AI 行课装置\vs 项目解决方案\下课铃\下课铃\main.cpp(934,32): warning C4244: “参数”: 从“double”转换到“int”，可能丢失数据
F:\BaiduSyncdisk\工程项目\XMG AI\XMG AI 行课装置\vs 项目解决方案\下课铃\下课铃\main.cpp(937,53): warning C4244: “=”: 从“double”转换到“LONG”，可能丢失数据
F:\BaiduSyncdisk\工程项目\XMG AI\XMG AI 行课装置\vs 项目解决方案\下课铃\下课铃\main.cpp(941,41): warning C4244: “=”: 从“double”转换到“LONG”，可能丢失数据
F:\BaiduSyncdisk\工程项目\XMG AI\XMG AI 行课装置\vs 项目解决方案\下课铃\下课铃\main.cpp(942,55): warning C4244: “=”: 从“double”转换到“LONG”，可能丢失数据
F:\BaiduSyncdisk\工程项目\XMG AI\XMG AI 行课装置\vs 项目解决方案\下课铃\下课铃\main.cpp(943,42): warning C4244: “=”: 从“double”转换到“LONG”，可能丢失数据
F:\BaiduSyncdisk\工程项目\XMG AI\XMG AI 行课装置\vs 项目解决方案\下课铃\下课铃\main.cpp(944,58): warning C4244: “=”: 从“double”转换到“LONG”，可能丢失数据
F:\BaiduSyncdisk\工程项目\XMG AI\XMG AI 行课装置\vs 项目解决方案\下课铃\下课铃\main.cpp(957,53): warning C4244: “=”: 从“double”转换到“LONG”，可能丢失数据
F:\BaiduSyncdisk\工程项目\XMG AI\XMG AI 行课装置\vs 项目解决方案\下课铃\下课铃\main.cpp(961,41): warning C4244: “=”: 从“double”转换到“LONG”，可能丢失数据
F:\BaiduSyncdisk\工程项目\XMG AI\XMG AI 行课装置\vs 项目解决方案\下课铃\下课铃\main.cpp(962,55): warning C4244: “=”: 从“double”转换到“LONG”，可能丢失数据
F:\BaiduSyncdisk\工程项目\XMG AI\XMG AI 行课装置\vs 项目解决方案\下课铃\下课铃\main.cpp(963,42): warning C4244: “=”: 从“double”转换到“LONG”，可能丢失数据
F:\BaiduSyncdisk\工程项目\XMG AI\XMG AI 行课装置\vs 项目解决方案\下课铃\下课铃\main.cpp(964,58): warning C4244: “=”: 从“double”转换到“LONG”，可能丢失数据
F:\BaiduSyncdisk\工程项目\XMG AI\XMG AI 行课装置\vs 项目解决方案\下课铃\下课铃\main.cpp(982,41): warning C4244: “=”: 从“double”转换到“LONG”，可能丢失数据
F:\BaiduSyncdisk\工程项目\XMG AI\XMG AI 行课装置\vs 项目解决方案\下课铃\下课铃\main.cpp(983,55): warning C4244: “=”: 从“double”转换到“LONG”，可能丢失数据
F:\BaiduSyncdisk\工程项目\XMG AI\XMG AI 行课装置\vs 项目解决方案\下课铃\下课铃\main.cpp(984,42): warning C4244: “=”: 从“double”转换到“LONG”，可能丢失数据
F:\BaiduSyncdisk\工程项目\XMG AI\XMG AI 行课装置\vs 项目解决方案\下课铃\下课铃\main.cpp(985,58): warning C4244: “=”: 从“double”转换到“LONG”，可能丢失数据
F:\BaiduSyncdisk\工程项目\XMG AI\XMG AI 行课装置\vs 项目解决方案\下课铃\下课铃\main.cpp(997,287): warning C4244: “参数”: 从“double”转换到“int”，可能丢失数据
F:\BaiduSyncdisk\工程项目\XMG AI\XMG AI 行课装置\vs 项目解决方案\下课铃\下课铃\main.cpp(997,249): warning C4244: “参数”: 从“double”转换到“int”，可能丢失数据
F:\BaiduSyncdisk\工程项目\XMG AI\XMG AI 行课装置\vs 项目解决方案\下课铃\下课铃\main.cpp(997,211): warning C4244: “参数”: 从“double”转换到“int”，可能丢失数据
F:\BaiduSyncdisk\工程项目\XMG AI\XMG AI 行课装置\vs 项目解决方案\下课铃\下课铃\main.cpp(997,138): warning C4244: “参数”: 从“double”转换到“int”，可能丢失数据
F:\BaiduSyncdisk\工程项目\XMG AI\XMG AI 行课装置\vs 项目解决方案\下课铃\下课铃\main.cpp(997,115): warning C4244: “参数”: 从“double”转换到“int”，可能丢失数据
F:\BaiduSyncdisk\工程项目\XMG AI\XMG AI 行课装置\vs 项目解决方案\下课铃\下课铃\main.cpp(997,43): warning C4244: “参数”: 从“double”转换到“int”，可能丢失数据
F:\BaiduSyncdisk\工程项目\XMG AI\XMG AI 行课装置\vs 项目解决方案\下课铃\下课铃\main.cpp(1000,53): warning C4244: “=”: 从“double”转换到“LONG”，可能丢失数据
F:\BaiduSyncdisk\工程项目\XMG AI\XMG AI 行课装置\vs 项目解决方案\下课铃\下课铃\main.cpp(1006,135): warning C4244: “参数”: 从“double”转换到“int”，可能丢失数据
F:\BaiduSyncdisk\工程项目\XMG AI\XMG AI 行课装置\vs 项目解决方案\下课铃\下课铃\main.cpp(1006,33): warning C4244: “参数”: 从“double”转换到“int”，可能丢失数据
F:\BaiduSyncdisk\工程项目\XMG AI\XMG AI 行课装置\vs 项目解决方案\下课铃\下课铃\main.cpp(1010,62): warning C4244: “参数”: 从“double”转换到“int”，可能丢失数据
F:\BaiduSyncdisk\工程项目\XMG AI\XMG AI 行课装置\vs 项目解决方案\下课铃\下课铃\main.cpp(1011,568): warning C4244: “参数”: 从“double”转换到“int”，可能丢失数据
F:\BaiduSyncdisk\工程项目\XMG AI\XMG AI 行课装置\vs 项目解决方案\下课铃\下课铃\main.cpp(1011,530): warning C4244: “参数”: 从“double”转换到“int”，可能丢失数据
F:\BaiduSyncdisk\工程项目\XMG AI\XMG AI 行课装置\vs 项目解决方案\下课铃\下课铃\main.cpp(1011,459): warning C4244: “参数”: 从“double”转换到“int”，可能丢失数据
F:\BaiduSyncdisk\工程项目\XMG AI\XMG AI 行课装置\vs 项目解决方案\下课铃\下课铃\main.cpp(1011,326): warning C4244: “参数”: 从“double”转换到“int”，可能丢失数据
F:\BaiduSyncdisk\工程项目\XMG AI\XMG AI 行课装置\vs 项目解决方案\下课铃\下课铃\main.cpp(1011,175): warning C4244: “参数”: 从“double”转换到“int”，可能丢失数据
F:\BaiduSyncdisk\工程项目\XMG AI\XMG AI 行课装置\vs 项目解决方案\下课铃\下课铃\main.cpp(1011,103): warning C4244: “参数”: 从“double”转换到“int”，可能丢失数据
F:\BaiduSyncdisk\工程项目\XMG AI\XMG AI 行课装置\vs 项目解决方案\下课铃\下课铃\main.cpp(1016,53): warning C4244: “=”: 从“double”转换到“LONG”，可能丢失数据
F:\BaiduSyncdisk\工程项目\XMG AI\XMG AI 行课装置\vs 项目解决方案\下课铃\下课铃\main.cpp(1022,150): warning C4244: “参数”: 从“double”转换到“int”，可能丢失数据
F:\BaiduSyncdisk\工程项目\XMG AI\XMG AI 行课装置\vs 项目解决方案\下课铃\下课铃\main.cpp(1022,33): warning C4244: “参数”: 从“double”转换到“int”，可能丢失数据
F:\BaiduSyncdisk\工程项目\XMG AI\XMG AI 行课装置\vs 项目解决方案\下课铃\下课铃\main.cpp(1026,62): warning C4244: “参数”: 从“double”转换到“int”，可能丢失数据
F:\BaiduSyncdisk\工程项目\XMG AI\XMG AI 行课装置\vs 项目解决方案\下课铃\下课铃\main.cpp(1027,628): warning C4244: “参数”: 从“double”转换到“int”，可能丢失数据
F:\BaiduSyncdisk\工程项目\XMG AI\XMG AI 行课装置\vs 项目解决方案\下课铃\下课铃\main.cpp(1027,590): warning C4244: “参数”: 从“double”转换到“int”，可能丢失数据
F:\BaiduSyncdisk\工程项目\XMG AI\XMG AI 行课装置\vs 项目解决方案\下课铃\下课铃\main.cpp(1027,519): warning C4244: “参数”: 从“double”转换到“int”，可能丢失数据
F:\BaiduSyncdisk\工程项目\XMG AI\XMG AI 行课装置\vs 项目解决方案\下课铃\下课铃\main.cpp(1027,371): warning C4244: “参数”: 从“double”转换到“int”，可能丢失数据
F:\BaiduSyncdisk\工程项目\XMG AI\XMG AI 行课装置\vs 项目解决方案\下课铃\下课铃\main.cpp(1027,190): warning C4244: “参数”: 从“double”转换到“int”，可能丢失数据
F:\BaiduSyncdisk\工程项目\XMG AI\XMG AI 行课装置\vs 项目解决方案\下课铃\下课铃\main.cpp(1027,118): warning C4244: “参数”: 从“double”转换到“int”，可能丢失数据
F:\BaiduSyncdisk\工程项目\XMG AI\XMG AI 行课装置\vs 项目解决方案\下课铃\下课铃\main.cpp(1094,72): warning C4244: “参数”: 从“double”转换到“int”，可能丢失数据
F:\BaiduSyncdisk\工程项目\XMG AI\XMG AI 行课装置\vs 项目解决方案\下课铃\下课铃\main.cpp(1098,18): warning C4244: “初始化”: 从“double”转换到“int”，可能丢失数据
F:\BaiduSyncdisk\工程项目\XMG AI\XMG AI 行课装置\vs 项目解决方案\下课铃\下课铃\main.cpp(1113,68): warning C4244: “参数”: 从“double”转换到“int”，可能丢失数据
F:\BaiduSyncdisk\工程项目\XMG AI\XMG AI 行课装置\vs 项目解决方案\下课铃\下课铃\main.cpp(1123,151): warning C4244: “参数”: 从“double”转换到“int”，可能丢失数据
F:\BaiduSyncdisk\工程项目\XMG AI\XMG AI 行课装置\vs 项目解决方案\下课铃\下课铃\main.cpp(1123,125): warning C4244: “参数”: 从“double”转换到“int”，可能丢失数据
F:\BaiduSyncdisk\工程项目\XMG AI\XMG AI 行课装置\vs 项目解决方案\下课铃\下课铃\main.cpp(1123,71): warning C4244: “参数”: 从“double”转换到“int”，可能丢失数据
F:\BaiduSyncdisk\工程项目\XMG AI\XMG AI 行课装置\vs 项目解决方案\下课铃\下课铃\main.cpp(1123,43): warning C4244: “参数”: 从“double”转换到“int”，可能丢失数据
F:\BaiduSyncdisk\工程项目\XMG AI\XMG AI 行课装置\vs 项目解决方案\下课铃\下课铃\main.cpp(1124,177): warning C4244: “参数”: 从“double”转换到“int”，可能丢失数据
F:\BaiduSyncdisk\工程项目\XMG AI\XMG AI 行课装置\vs 项目解决方案\下课铃\下课铃\main.cpp(1124,151): warning C4244: “参数”: 从“double”转换到“int”，可能丢失数据
F:\BaiduSyncdisk\工程项目\XMG AI\XMG AI 行课装置\vs 项目解决方案\下课铃\下课铃\main.cpp(1124,97): warning C4244: “参数”: 从“double”转换到“int”，可能丢失数据
F:\BaiduSyncdisk\工程项目\XMG AI\XMG AI 行课装置\vs 项目解决方案\下课铃\下课铃\main.cpp(1124,69): warning C4244: “参数”: 从“double”转换到“int”，可能丢失数据
F:\BaiduSyncdisk\工程项目\XMG AI\XMG AI 行课装置\vs 项目解决方案\下课铃\下课铃\main.cpp(1125,181): warning C4244: “参数”: 从“double”转换到“int”，可能丢失数据
F:\BaiduSyncdisk\工程项目\XMG AI\XMG AI 行课装置\vs 项目解决方案\下课铃\下课铃\main.cpp(1125,155): warning C4244: “参数”: 从“double”转换到“int”，可能丢失数据
F:\BaiduSyncdisk\工程项目\XMG AI\XMG AI 行课装置\vs 项目解决方案\下课铃\下课铃\main.cpp(1125,97): warning C4244: “参数”: 从“double”转换到“int”，可能丢失数据
F:\BaiduSyncdisk\工程项目\XMG AI\XMG AI 行课装置\vs 项目解决方案\下课铃\下课铃\main.cpp(1125,69): warning C4244: “参数”: 从“double”转换到“int”，可能丢失数据
F:\BaiduSyncdisk\工程项目\XMG AI\XMG AI 行课装置\vs 项目解决方案\下课铃\下课铃\main.cpp(1126,153): warning C4244: “参数”: 从“double”转换到“int”，可能丢失数据
F:\BaiduSyncdisk\工程项目\XMG AI\XMG AI 行课装置\vs 项目解决方案\下课铃\下课铃\main.cpp(1126,127): warning C4244: “参数”: 从“double”转换到“int”，可能丢失数据
F:\BaiduSyncdisk\工程项目\XMG AI\XMG AI 行课装置\vs 项目解决方案\下课铃\下课铃\main.cpp(1126,101): warning C4244: “参数”: 从“double”转换到“int”，可能丢失数据
F:\BaiduSyncdisk\工程项目\XMG AI\XMG AI 行课装置\vs 项目解决方案\下课铃\下课铃\main.cpp(1126,73): warning C4244: “参数”: 从“double”转换到“int”，可能丢失数据
F:\BaiduSyncdisk\工程项目\XMG AI\XMG AI 行课装置\vs 项目解决方案\下课铃\下课铃\main.cpp(1128,122): warning C4244: “参数”: 从“double”转换到“int”，可能丢失数据
F:\BaiduSyncdisk\工程项目\XMG AI\XMG AI 行课装置\vs 项目解决方案\下课铃\下课铃\main.cpp(1128,95): warning C4244: “参数”: 从“double”转换到“int”，可能丢失数据
F:\BaiduSyncdisk\工程项目\XMG AI\XMG AI 行课装置\vs 项目解决方案\下课铃\下课铃\main.cpp(1128,69): warning C4244: “参数”: 从“double”转换到“int”，可能丢失数据
F:\BaiduSyncdisk\工程项目\XMG AI\XMG AI 行课装置\vs 项目解决方案\下课铃\下课铃\main.cpp(1128,43): warning C4244: “参数”: 从“double”转换到“int”，可能丢失数据
F:\BaiduSyncdisk\工程项目\XMG AI\XMG AI 行课装置\vs 项目解决方案\下课铃\下课铃\main.cpp(1136,20): warning C4244: “初始化”: 从“double”转换到“int”，可能丢失数据
F:\BaiduSyncdisk\工程项目\XMG AI\XMG AI 行课装置\vs 项目解决方案\下课铃\下课铃\main.cpp(1146,43): warning C4244: “=”: 从“double”转换到“LONG”，可能丢失数据
F:\BaiduSyncdisk\工程项目\XMG AI\XMG AI 行课装置\vs 项目解决方案\下课铃\下课铃\main.cpp(1147,42): warning C4244: “=”: 从“double”转换到“LONG”，可能丢失数据
F:\BaiduSyncdisk\工程项目\XMG AI\XMG AI 行课装置\vs 项目解决方案\下课铃\下课铃\main.cpp(1148,70): warning C4244: “=”: 从“double”转换到“LONG”，可能丢失数据
F:\BaiduSyncdisk\工程项目\XMG AI\XMG AI 行课装置\vs 项目解决方案\下课铃\下课铃\main.cpp(1149,43): warning C4244: “=”: 从“double”转换到“LONG”，可能丢失数据
F:\BaiduSyncdisk\工程项目\XMG AI\XMG AI 行课装置\vs 项目解决方案\下课铃\下课铃\main.cpp(1159,21): warning C4244: “初始化”: 从“double”转换到“int”，可能丢失数据
F:\BaiduSyncdisk\工程项目\XMG AI\XMG AI 行课装置\vs 项目解决方案\下课铃\下课铃\main.cpp(1169,70): warning C4244: “=”: 从“double”转换到“LONG”，可能丢失数据
F:\BaiduSyncdisk\工程项目\XMG AI\XMG AI 行课装置\vs 项目解决方案\下课铃\下课铃\main.cpp(1170,43): warning C4244: “=”: 从“double”转换到“LONG”，可能丢失数据
F:\BaiduSyncdisk\工程项目\XMG AI\XMG AI 行课装置\vs 项目解决方案\下课铃\下课铃\main.cpp(1171,71): warning C4244: “=”: 从“double”转换到“LONG”，可能丢失数据
F:\BaiduSyncdisk\工程项目\XMG AI\XMG AI 行课装置\vs 项目解决方案\下课铃\下课铃\main.cpp(1172,90): warning C4244: “=”: 从“double”转换到“LONG”，可能丢失数据
F:\BaiduSyncdisk\工程项目\XMG AI\XMG AI 行课装置\vs 项目解决方案\下课铃\下课铃\main.cpp(1180,21): warning C4244: “初始化”: 从“double”转换到“int”，可能丢失数据
F:\BaiduSyncdisk\工程项目\XMG AI\XMG AI 行课装置\vs 项目解决方案\下课铃\下课铃\main.cpp(1190,70): warning C4244: “=”: 从“double”转换到“LONG”，可能丢失数据
F:\BaiduSyncdisk\工程项目\XMG AI\XMG AI 行课装置\vs 项目解决方案\下课铃\下课铃\main.cpp(1191,122): warning C4244: “=”: 从“double”转换到“LONG”，可能丢失数据
F:\BaiduSyncdisk\工程项目\XMG AI\XMG AI 行课装置\vs 项目解决方案\下课铃\下课铃\main.cpp(1192,71): warning C4244: “=”: 从“double”转换到“LONG”，可能丢失数据
F:\BaiduSyncdisk\工程项目\XMG AI\XMG AI 行课装置\vs 项目解决方案\下课铃\下课铃\main.cpp(1193,44): warning C4244: “=”: 从“double”转换到“LONG”，可能丢失数据
F:\BaiduSyncdisk\工程项目\XMG AI\XMG AI 行课装置\vs 项目解决方案\下课铃\下课铃\main.cpp(1204,21): warning C4244: “初始化”: 从“double”转换到“int”，可能丢失数据
F:\BaiduSyncdisk\工程项目\XMG AI\XMG AI 行课装置\vs 项目解决方案\下课铃\下课铃\main.cpp(1214,70): warning C4244: “=”: 从“double”转换到“LONG”，可能丢失数据
F:\BaiduSyncdisk\工程项目\XMG AI\XMG AI 行课装置\vs 项目解决方案\下课铃\下课铃\main.cpp(1215,43): warning C4244: “=”: 从“double”转换到“LONG”，可能丢失数据
F:\BaiduSyncdisk\工程项目\XMG AI\XMG AI 行课装置\vs 项目解决方案\下课铃\下课铃\main.cpp(1216,75): warning C4244: “=”: 从“double”转换到“LONG”，可能丢失数据
F:\BaiduSyncdisk\工程项目\XMG AI\XMG AI 行课装置\vs 项目解决方案\下课铃\下课铃\main.cpp(1217,90): warning C4244: “=”: 从“double”转换到“LONG”，可能丢失数据
F:\BaiduSyncdisk\工程项目\XMG AI\XMG AI 行课装置\vs 项目解决方案\下课铃\下课铃\main.cpp(1225,21): warning C4244: “初始化”: 从“double”转换到“int”，可能丢失数据
F:\BaiduSyncdisk\工程项目\XMG AI\XMG AI 行课装置\vs 项目解决方案\下课铃\下课铃\main.cpp(1235,70): warning C4244: “=”: 从“double”转换到“LONG”，可能丢失数据
F:\BaiduSyncdisk\工程项目\XMG AI\XMG AI 行课装置\vs 项目解决方案\下课铃\下课铃\main.cpp(1236,122): warning C4244: “=”: 从“double”转换到“LONG”，可能丢失数据
F:\BaiduSyncdisk\工程项目\XMG AI\XMG AI 行课装置\vs 项目解决方案\下课铃\下课铃\main.cpp(1237,75): warning C4244: “=”: 从“double”转换到“LONG”，可能丢失数据
F:\BaiduSyncdisk\工程项目\XMG AI\XMG AI 行课装置\vs 项目解决方案\下课铃\下课铃\main.cpp(1238,44): warning C4244: “=”: 从“double”转换到“LONG”，可能丢失数据
F:\BaiduSyncdisk\工程项目\XMG AI\XMG AI 行课装置\vs 项目解决方案\下课铃\下课铃\main.cpp(1249,21): warning C4244: “初始化”: 从“double”转换到“int”，可能丢失数据
F:\BaiduSyncdisk\工程项目\XMG AI\XMG AI 行课装置\vs 项目解决方案\下课铃\下课铃\main.cpp(1259,74): warning C4244: “=”: 从“double”转换到“LONG”，可能丢失数据
F:\BaiduSyncdisk\工程项目\XMG AI\XMG AI 行课装置\vs 项目解决方案\下课铃\下课铃\main.cpp(1260,43): warning C4244: “=”: 从“double”转换到“LONG”，可能丢失数据
F:\BaiduSyncdisk\工程项目\XMG AI\XMG AI 行课装置\vs 项目解决方案\下课铃\下课铃\main.cpp(1261,43): warning C4244: “=”: 从“double”转换到“LONG”，可能丢失数据
F:\BaiduSyncdisk\工程项目\XMG AI\XMG AI 行课装置\vs 项目解决方案\下课铃\下课铃\main.cpp(1262,90): warning C4244: “=”: 从“double”转换到“LONG”，可能丢失数据
F:\BaiduSyncdisk\工程项目\XMG AI\XMG AI 行课装置\vs 项目解决方案\下课铃\下课铃\main.cpp(1270,21): warning C4244: “初始化”: 从“double”转换到“int”，可能丢失数据
F:\BaiduSyncdisk\工程项目\XMG AI\XMG AI 行课装置\vs 项目解决方案\下课铃\下课铃\main.cpp(1280,74): warning C4244: “=”: 从“double”转换到“LONG”，可能丢失数据
F:\BaiduSyncdisk\工程项目\XMG AI\XMG AI 行课装置\vs 项目解决方案\下课铃\下课铃\main.cpp(1281,122): warning C4244: “=”: 从“double”转换到“LONG”，可能丢失数据
F:\BaiduSyncdisk\工程项目\XMG AI\XMG AI 行课装置\vs 项目解决方案\下课铃\下课铃\main.cpp(1282,43): warning C4244: “=”: 从“double”转换到“LONG”，可能丢失数据
F:\BaiduSyncdisk\工程项目\XMG AI\XMG AI 行课装置\vs 项目解决方案\下课铃\下课铃\main.cpp(1283,44): warning C4244: “=”: 从“double”转换到“LONG”，可能丢失数据
F:\BaiduSyncdisk\工程项目\XMG AI\XMG AI 行课装置\vs 项目解决方案\下课铃\下课铃\main.cpp(1294,19): warning C4244: “初始化”: 从“double”转换到“int”，可能丢失数据
F:\BaiduSyncdisk\工程项目\XMG AI\XMG AI 行课装置\vs 项目解决方案\下课铃\下课铃\main.cpp(1304,42): warning C4244: “=”: 从“double”转换到“LONG”，可能丢失数据
F:\BaiduSyncdisk\工程项目\XMG AI\XMG AI 行课装置\vs 项目解决方案\下课铃\下课铃\main.cpp(1305,39): warning C4244: “=”: 从“double”转换到“LONG”，可能丢失数据
F:\BaiduSyncdisk\工程项目\XMG AI\XMG AI 行课装置\vs 项目解决方案\下课铃\下课铃\main.cpp(1306,41): warning C4244: “=”: 从“double”转换到“LONG”，可能丢失数据
F:\BaiduSyncdisk\工程项目\XMG AI\XMG AI 行课装置\vs 项目解决方案\下课铃\下课铃\main.cpp(1307,43): warning C4244: “=”: 从“double”转换到“LONG”，可能丢失数据
F:\BaiduSyncdisk\工程项目\XMG AI\XMG AI 行课装置\vs 项目解决方案\下课铃\下课铃\main.cpp(513,1): warning C4102: “next”: 未引用的标签
  正在生成代码
  54 of 2854 functions ( 1.9%) were compiled, the rest were copied from previous compilation.
    0 functions were new in current compilation
    2 functions had inline decision re-evaluated but remain unchanged
  已完成代码的生成
  下课铃.vcxproj -> F:\BaiduSyncdisk\工程项目\XMG AI\XMG AI 行课装置\vs 项目解决方案\下课铃\Release\下课铃.exe
